Determining if the pthread_create exist failed with the following output:
Change Dir: /home/shanthans/Documents/Projects/SDC/Term3/Course/Projects/p3_carnd_capstone/team/frank/Last_project/ros/build/CMakeFiles/CMakeTmp

Run Build Command:/usr/bin/make "cmTryCompileExec2010700539/fast"
/usr/bin/make -f CMakeFiles/cmTryCompileExec2010700539.dir/build.make CMakeFiles/cmTryCompileExec2010700539.dir/build
make[1]: Entering directory `/home/shanthans/Documents/Projects/SDC/Term3/Course/Projects/p3_carnd_capstone/team/frank/Last_project/ros/build/CMakeFiles/CMakeTmp'
/usr/bin/cmake -E cmake_progress_report /home/shanthans/Documents/Projects/SDC/Term3/Course/Projects/p3_carnd_capstone/team/frank/Last_project/ros/build/CMakeFiles/CMakeTmp/CMakeFiles 1
Building C object CMakeFiles/cmTryCompileExec2010700539.dir/CheckSymbolExists.c.o
/usr/bin/cc    -o CMakeFiles/cmTryCompileExec2010700539.dir/CheckSymbolExists.c.o   -c /home/shanthans/Documents/Projects/SDC/Term3/Course/Projects/p3_carnd_capstone/team/frank/Last_project/ros/build/CMakeFiles/CMakeTmp/CheckSymbolExists.c
Linking C executable cmTryCompileExec2010700539
/usr/bin/cmake -E cmake_link_script CMakeFiles/cmTryCompileExec2010700539.dir/link.txt --verbose=1
/usr/bin/cc       CMakeFiles/cmTryCompileExec2010700539.dir/CheckSymbolExists.c.o  -o cmTryCompileExec2010700539 -rdynamic 
CMakeFiles/cmTryCompileExec2010700539.dir/CheckSymbolExists.c.o: In function `main':
CheckSymbolExists.c:(.text+0x16): undefined reference to `pthread_create'
collect2: error: ld returned 1 exit status
make[1]: Leaving directory `/home/shanthans/Documents/Projects/SDC/Term3/Course/Projects/p3_carnd_capstone/team/frank/Last_project/ros/build/CMakeFiles/CMakeTmp'
make[1]: *** [cmTryCompileExec2010700539] Error 1
make: *** [cmTryCompileExec2010700539/fast] Error 2

File /home/shanthans/Documents/Projects/SDC/Term3/Course/Projects/p3_carnd_capstone/team/frank/Last_project/ros/build/CMakeFiles/CMakeTmp/CheckSymbolExists.c:
/* */
#include <pthread.h>

int main(int argc, char** argv)
{
  (void)argv;
#ifndef pthread_create
  return ((int*)(&pthread_create))[argc];
#else
  (void)argc;
  return 0;
#endif
}

Determining if the function pthread_create exists in the pthreads failed with the following output:
Change Dir: /home/shanthans/Documents/Projects/SDC/Term3/Course/Projects/p3_carnd_capstone/team/frank/Last_project/ros/build/CMakeFiles/CMakeTmp

Run Build Command:/usr/bin/make "cmTryCompileExec3894478114/fast"
/usr/bin/make -f CMakeFiles/cmTryCompileExec3894478114.dir/build.make CMakeFiles/cmTryCompileExec3894478114.dir/build
make[1]: Entering directory `/home/shanthans/Documents/Projects/SDC/Term3/Course/Projects/p3_carnd_capstone/team/frank/Last_project/ros/build/CMakeFiles/CMakeTmp'
/usr/bin/cmake -E cmake_progress_report /home/shanthans/Documents/Projects/SDC/Term3/Course/Projects/p3_carnd_capstone/team/frank/Last_project/ros/build/CMakeFiles/CMakeTmp/CMakeFiles 1
Building C object CMakeFiles/cmTryCompileExec3894478114.dir/CheckFunctionExists.c.o
/usr/bin/cc   -DCHECK_FUNCTION_EXISTS=pthread_create   -o CMakeFiles/cmTryCompileExec3894478114.dir/CheckFunctionExists.c.o   -c /usr/share/cmake-2.8/Modules/CheckFunctionExists.c
Linking C executable cmTryCompileExec3894478114
/usr/bin/cmake -E cmake_link_script CMakeFiles/cmTryCompileExec3894478114.dir/link.txt --verbose=1
/usr/bin/cc   -DCHECK_FUNCTION_EXISTS=pthread_create    CMakeFiles/cmTryCompileExec3894478114.dir/CheckFunctionExists.c.o  -o cmTryCompileExec3894478114 -rdynamic -lpthreads 
/usr/bin/ld: cannot find -lpthreads
collect2: error: ld returned 1 exit status
make[1]: *** [cmTryCompileExec3894478114] Error 1
make[1]: Leaving directory `/home/shanthans/Documents/Projects/SDC/Term3/Course/Projects/p3_carnd_capstone/team/frank/Last_project/ros/build/CMakeFiles/CMakeTmp'
make: *** [cmTryCompileExec3894478114/fast] Error 2


